** Daemonized, any open files are closed.  Look at ./script/../config/../tmp/pids/mongrel.pid and log/mongrel.log for info.
** Starting Mongrel listening at 0.0.0.0:3000
** Starting Rails with bugger environment...
/home/spalatin/Desktop/RAILS_ROOT/gideon/config/environment.rb:25: warning: already initialized constant MONTHNAMES
/home/spalatin/Desktop/RAILS_ROOT/gideon/config/environment.rb:26: warning: already initialized constant DAYNAMES
/home/spalatin/Desktop/RAILS_ROOT/gideon/vendor/rails/activerecord/lib/active_record/vendor/simple.rb:74: warning: already initialized constant Messages
/home/spalatin/Desktop/RAILS_ROOT/gideon/vendor/rails/activerecord/lib/active_record/vendor/simple.rb:274: warning: already initialized constant TRANSACTION_SIMPLE_VERSION
/home/spalatin/Desktop/RAILS_ROOT/gideon/vendor/rails/activerecord/lib/active_record/vendor/simple.rb:636: warning: already initialized constant SKIP_TRANSACTION_VARS
/home/spalatin/Desktop/RAILS_ROOT/gideon/config/../vendor/rails/railties/lib/initializer.rb:209:in `read': No such file or directory - /home/spalatin/Desktop/RAILS_ROOT/gideon/config/environments/bugger.rb (Errno::ENOENT)
	from /home/spalatin/Desktop/RAILS_ROOT/gideon/config/../vendor/rails/railties/lib/initializer.rb:209:in `load_environment'
	from /home/spalatin/Desktop/RAILS_ROOT/gideon/vendor/rails/activerecord/lib/../../activesupport/lib/active_support/core_ext/kernel/reporting.rb:11:in `silence_warnings'
	from /home/spalatin/Desktop/RAILS_ROOT/gideon/config/../vendor/rails/railties/lib/initializer.rb:205:in `load_environment'
	from /home/spalatin/Desktop/RAILS_ROOT/gideon/config/../vendor/rails/railties/lib/initializer.rb:89:in `process'
	from /home/spalatin/Desktop/RAILS_ROOT/gideon/config/../vendor/rails/railties/lib/initializer.rb:47:in `send'
	from /home/spalatin/Desktop/RAILS_ROOT/gideon/config/../vendor/rails/railties/lib/initializer.rb:47:in `run'
	from /home/spalatin/Desktop/RAILS_ROOT/gideon/config/environment.rb:43
	from /usr/local/lib/site_ruby/1.8/rubygems/custom_require.rb:27:in `gem_original_require'
	 ... 10 levels...
	from /usr/lib/ruby/gems/1.8/gems/mongrel-1.1.3/bin/../lib/mongrel/command.rb:212:in `run'
	from /usr/lib/ruby/gems/1.8/gems/mongrel-1.1.3/bin/mongrel_rails:281
	from /usr/bin/mongrel_rails:19:in `load'
	from /usr/bin/mongrel_rails:19
